<?xml version="1.0" encoding="UTF-8"?>
<coverage generated="1679991443118" clover="3.2.0">
  <project timestamp="1679991443118" name="All files">
    <metrics statements="8" coveredstatements="8" conditionals="6" coveredconditionals="6" methods="1" coveredmethods="1" elements="15" coveredelements="15" complexity="0" loc="8" ncloc="8" packages="1" files="1" classes="1"/>
    <file name="fizzbuzz.js" path="C:\Users\Allan\Documents\Cleaf-Web\Clients\3 - Formateur\Cours\NODEJS\GIT\Formation-NODEJS\test-jest\src\fizzbuzz.js">
      <metrics statements="8" coveredstatements="8" conditionals="6" coveredconditionals="6" methods="1" coveredmethods="1"/>
      <line num="1" count="1" type="stmt"/>
      <line num="2" count="8" type="stmt"/>
      <line num="4" count="8" type="cond" truecount="2" falsecount="0"/>
      <line num="5" count="5" type="stmt"/>
      <line num="7" count="8" type="cond" truecount="2" falsecount="0"/>
      <line num="8" count="4" type="stmt"/>
      <line num="11" count="8" type="cond" truecount="2" falsecount="0"/>
      <line num="15" count="1" type="stmt"/>
    </file>
  </project>
</coverage>
