{"C:\\Users\\Allan\\Documents\\Cleaf-Web\\Clients\\3 - Formateur\\Cours\\NODEJS\\GIT\\Formation-NODEJS\\test-jest\\src\\fizzbuzz.js": {"path":"C:\\Users\\Allan\\Documents\\Cleaf-Web\\Clients\\3 - Formateur\\Cours\\NODEJS\\GIT\\Formation-NODEJS\\test-jest\\src\\fizzbuzz.js","statementMap":{"0":{"start":{"line":1,"column":13},"end":{"line":12,"column":1}},"1":{"start":{"line":2,"column":14},"end":{"line":2,"column":16}},"2":{"start":{"line":4,"column":4},"end":{"line":6,"column":5}},"3":{"start":{"line":5,"column":8},"end":{"line":5,"column":21}},"4":{"start":{"line":7,"column":4},"end":{"line":9,"column":5}},"5":{"start":{"line":8,"column":8},"end":{"line":8,"column":21}},"6":{"start":{"line":11,"column":4},"end":{"line":11,"column":29}},"7":{"start":{"line":15,"column":0},"end":{"line":17,"column":1}}},"fnMap":{"0":{"name":"(anonymous_0)","decl":{"start":{"line":1,"column":13},"end":{"line":1,"column":14}},"loc":{"start":{"line":1,"column":25},"end":{"line":12,"column":1}},"line":1}},"branchMap":{"0":{"loc":{"start":{"line":4,"column":4},"end":{"line":6,"column":5}},"type":"if","locations":[{"start":{"line":4,"column":4},"end":{"line":6,"column":5}},{"start":{},"end":{}}],"line":4},"1":{"loc":{"start":{"line":7,"column":4},"end":{"line":9,"column":5}},"type":"if","locations":[{"start":{"line":7,"column":4},"end":{"line":9,"column":5}},{"start":{},"end":{}}],"line":7},"2":{"loc":{"start":{"line":11,"column":11},"end":{"line":11,"column":29}},"type":"cond-expr","locations":[{"start":{"line":11,"column":17},"end":{"line":11,"column":20}},{"start":{"line":11,"column":23},"end":{"line":11,"column":29}}],"line":11}},"s":{"0":1,"1":8,"2":8,"3":5,"4":8,"5":4,"6":8,"7":1},"f":{"0":8},"b":{"0":[5,3],"1":[4,4],"2":[7,1]},"_coverageSchema":"1a1c01bbd47fc00a2c39e90264f33305004495a9","hash":"228f397d290d3f58583283b0770b715778922341"}
}
