{"C:\\Users\\Allan\\Documents\\Cleaf-Web\\Clients\\3 - Formateur\\Cours\\NODEJS\\GIT\\Formation-NODEJS\\test-jest\\src\\calc.js": {"path":"C:\\Users\\Allan\\Documents\\Cleaf-Web\\Clients\\3 - Formateur\\Cours\\NODEJS\\GIT\\Formation-NODEJS\\test-jest\\src\\calc.js","statementMap":{"0":{"start":{"line":1,"column":17},"end":{"line":15,"column":1}},"1":{"start":{"line":3,"column":4},"end":{"line":12,"column":5}},"2":{"start":{"line":4,"column":21},"end":{"line":4,"column":46}},"3":{"start":{"line":6,"column":8},"end":{"line":10,"column":9}},"4":{"start":{"line":6,"column":21},"end":{"line":6,"column":22}},"5":{"start":{"line":7,"column":28},"end":{"line":7,"column":42}},"6":{"start":{"line":8,"column":23},"end":{"line":8,"column":50}},"7":{"start":{"line":9,"column":12},"end":{"line":9,"column":55}},"8":{"start":{"line":11,"column":8},"end":{"line":11,"column":21}},"9":{"start":{"line":14,"column":4},"end":{"line":14,"column":26}},"10":{"start":{"line":18,"column":18},"end":{"line":31,"column":1}},"11":{"start":{"line":19,"column":4},"end":{"line":30,"column":5}},"12":{"start":{"line":21,"column":12},"end":{"line":21,"column":39}},"13":{"start":{"line":23,"column":12},"end":{"line":23,"column":39}},"14":{"start":{"line":25,"column":12},"end":{"line":25,"column":39}},"15":{"start":{"line":27,"column":12},"end":{"line":27,"column":39}},"16":{"start":{"line":29,"column":12},"end":{"line":29,"column":18}},"17":{"start":{"line":34,"column":0},"end":{"line":36,"column":1}}},"fnMap":{"0":{"name":"(anonymous_0)","decl":{"start":{"line":1,"column":17},"end":{"line":1,"column":18}},"loc":{"start":{"line":1,"column":27},"end":{"line":15,"column":1}},"line":1},"1":{"name":"(anonymous_1)","decl":{"start":{"line":18,"column":18},"end":{"line":18,"column":19}},"loc":{"start":{"line":18,"column":53},"end":{"line":31,"column":1}},"line":18}},"branchMap":{"0":{"loc":{"start":{"line":3,"column":4},"end":{"line":12,"column":5}},"type":"if","locations":[{"start":{"line":3,"column":4},"end":{"line":12,"column":5}},{"start":{},"end":{}}],"line":3},"1":{"loc":{"start":{"line":19,"column":4},"end":{"line":30,"column":5}},"type":"switch","locations":[{"start":{"line":20,"column":8},"end":{"line":21,"column":39}},{"start":{"line":22,"column":8},"end":{"line":23,"column":39}},{"start":{"line":24,"column":8},"end":{"line":25,"column":39}},{"start":{"line":26,"column":8},"end":{"line":27,"column":39}},{"start":{"line":28,"column":8},"end":{"line":29,"column":18}}],"line":19}},"s":{"0":1,"1":13,"2":11,"3":11,"4":11,"5":22,"6":22,"7":22,"8":11,"9":2,"10":1,"11":22,"12":9,"13":4,"14":4,"15":4,"16":1,"17":1},"f":{"0":13,"1":22},"b":{"0":[11,2],"1":[9,4,4,4,1]},"_coverageSchema":"1a1c01bbd47fc00a2c39e90264f33305004495a9","hash":"c99213baaadee79d37101cd3a93030cecc36ae86"}
,"C:\\Users\\Allan\\Documents\\Cleaf-Web\\Clients\\3 - Formateur\\Cours\\NODEJS\\GIT\\Formation-NODEJS\\test-jest\\src\\fizzbuzz.js": {"path":"C:\\Users\\Allan\\Documents\\Cleaf-Web\\Clients\\3 - Formateur\\Cours\\NODEJS\\GIT\\Formation-NODEJS\\test-jest\\src\\fizzbuzz.js","statementMap":{"0":{"start":{"line":1,"column":13},"end":{"line":12,"column":1}},"1":{"start":{"line":2,"column":14},"end":{"line":2,"column":16}},"2":{"start":{"line":4,"column":4},"end":{"line":6,"column":5}},"3":{"start":{"line":5,"column":8},"end":{"line":5,"column":21}},"4":{"start":{"line":7,"column":4},"end":{"line":9,"column":5}},"5":{"start":{"line":8,"column":8},"end":{"line":8,"column":21}},"6":{"start":{"line":11,"column":4},"end":{"line":11,"column":29}},"7":{"start":{"line":15,"column":0},"end":{"line":17,"column":1}}},"fnMap":{"0":{"name":"(anonymous_0)","decl":{"start":{"line":1,"column":13},"end":{"line":1,"column":14}},"loc":{"start":{"line":1,"column":25},"end":{"line":12,"column":1}},"line":1}},"branchMap":{"0":{"loc":{"start":{"line":4,"column":4},"end":{"line":6,"column":5}},"type":"if","locations":[{"start":{"line":4,"column":4},"end":{"line":6,"column":5}},{"start":{},"end":{}}],"line":4},"1":{"loc":{"start":{"line":7,"column":4},"end":{"line":9,"column":5}},"type":"if","locations":[{"start":{"line":7,"column":4},"end":{"line":9,"column":5}},{"start":{},"end":{}}],"line":7},"2":{"loc":{"start":{"line":11,"column":11},"end":{"line":11,"column":29}},"type":"cond-expr","locations":[{"start":{"line":11,"column":17},"end":{"line":11,"column":20}},{"start":{"line":11,"column":23},"end":{"line":11,"column":29}}],"line":11}},"s":{"0":1,"1":9,"2":9,"3":5,"4":9,"5":4,"6":9,"7":1},"f":{"0":9},"b":{"0":[5,4],"1":[4,5],"2":[7,2]},"_coverageSchema":"1a1c01bbd47fc00a2c39e90264f33305004495a9","hash":"228f397d290d3f58583283b0770b715778922341"}
}
