TN:
SF:src\calc.js
FN:1,(anonymous_0)
FN:18,(anonymous_1)
FNF:2
FNH:2
FNDA:13,(anonymous_0)
FNDA:22,(anonymous_1)
DA:1,1
DA:3,13
DA:4,11
DA:6,11
DA:7,22
DA:8,22
DA:9,22
DA:11,11
DA:14,2
DA:18,1
DA:19,22
DA:21,9
DA:23,4
DA:25,4
DA:27,4
DA:29,1
DA:34,1
LF:17
LH:17
BRDA:3,0,0,11
BRDA:3,0,1,2
BRDA:19,1,0,9
BRDA:19,1,1,4
BRDA:19,1,2,4
BRDA:19,1,3,4
BRDA:19,1,4,1
BRF:7
BRH:7
end_of_record
TN:
SF:src\fizzbuzz.js
FN:1,(anonymous_0)
FNF:1
FNH:1
FNDA:9,(anonymous_0)
DA:1,1
DA:2,9
DA:4,9
DA:5,5
DA:7,9
DA:8,4
DA:11,9
DA:15,1
LF:8
LH:8
BRDA:4,0,0,5
BRDA:4,0,1,4
BRDA:7,1,0,4
BRDA:7,1,1,5
BRDA:11,2,0,7
BRDA:11,2,1,2
BRF:6
BRH:6
end_of_record
